2008-6-3 21:15:46
宣传品进销存报表，错误信息：System.Data.SqlClient.SqlException: 将截断字符串或二进制数据。
将截断字符串或二进制数据。
将截断字符串或二进制数据。
语句已终止。
语句已终止。
语句已终止。
   在 System.Data.SqlClient.SqlConnection.OnError(SqlException exception, Boolean breakConnection)
   在 System.Data.SqlClient.SqlInternalConnection.OnError(SqlException exception, Boolean breakConnection)
   在 System.Data.SqlClient.TdsParser.ThrowExceptionAndWarning(TdsParserStateObject stateObj)
   在 System.Data.SqlClient.TdsParser.Run(RunBehavior runBehavior, SqlCommand cmdHandler, SqlDataReader dataStream, BulkCopySimpleResultSet bulkCopyHandler, TdsParserStateObject stateObj)
   在 System.Data.SqlClient.SqlCommand.FinishExecuteReader(SqlDataReader ds, RunBehavior runBehavior, String resetOptionsString)
   在 System.Data.SqlClient.SqlCommand.RunExecuteReaderTds(CommandBehavior cmdBehavior, RunBehavior runBehavior, Boolean returnStream, Boolean async)
   在 System.Data.SqlClient.SqlCommand.RunExecuteReader(CommandBehavior cmdBehavior, RunBehavior runBehavior, Boolean returnStream, String method, DbAsyncResult result)
   在 System.Data.SqlClient.SqlCommand.InternalExecuteNonQuery(DbAsyncResult result, String methodName, Boolean sendToPipe)
   在 System.Data.SqlClient.SqlCommand.ExecuteNonQuery()
   在 psms.DBUtility.SqlHelper.ExecuteNonQuery(SqlConnection connection, CommandType cmdType, String cmdText, SqlParameter[] commandParameters) 位置 E:\spring\VSProject\psms\DBUtility\SQLHelper.cs:行号 70
   在 psms.SQLServerDAL.PreInfo.GetDataTablePreInfoForStatInOutSumspStoreqnt1(String startTime, String endTime, String condition) 位置 E:\spring\VSProject\psms\SQLServerDAL\PreInfo.cs:行号 209
   在 psms.BLL.PreInfo.GetDataTablePreInfoForStatInOutSumspStoreqnt1(String startTime, String endTime, String condition) 位置 E:\spring\VSProject\psms\BLL\PreInfo.cs:行号 162
   在 psms.InOutReportForm.btnQuery_Click(Object sender, EventArgs e) 位置 E:\spring\VSProject\psms\psms\InOutReportForm.cs:行号 151

