2008-4-24 21:57:38
凭证数据统计打印，错误信息：System.Data.DeletedRowInaccessibleException: 不能通过已删除的行访问该行的信息。
   在 System.Data.DataRow.GetDefaultRecord()
   在 System.Data.DataRow.get_Item(String columnName)
   在 psms.StatInOutTableForm.btnScrpStatPrint_Click(Object sender, EventArgs e) 位置 E:\spring\VSProject\psms\psms\StatInOutTableForm.cs:行号 497

2008-4-24 21:57:41
凭证数据统计打印，错误信息：System.Data.DeletedRowInaccessibleException: 不能通过已删除的行访问该行的信息。
   在 System.Data.DataRow.GetDefaultRecord()
   在 System.Data.DataRow.get_Item(String columnName)
   在 psms.StatInOutTableForm.btnScrpStatPrint_Click(Object sender, EventArgs e) 位置 E:\spring\VSProject\psms\psms\StatInOutTableForm.cs:行号 497

2008-4-24 21:57:43
凭证数据统计打印，错误信息：System.Data.DeletedRowInaccessibleException: 不能通过已删除的行访问该行的信息。
   在 System.Data.DataRow.GetDefaultRecord()
   在 System.Data.DataRow.get_Item(String columnName)
   在 psms.StatInOutTableForm.btnScrpStatPrint_Click(Object sender, EventArgs e) 位置 E:\spring\VSProject\psms\psms\StatInOutTableForm.cs:行号 497

2008-4-24 22:01:47
凭证数据统计打印，错误信息：System.Data.DeletedRowInaccessibleException: 不能通过已删除的行访问该行的信息。
   在 System.Data.DataRow.GetDefaultRecord()
   在 System.Data.DataRow.get_Item(String columnName)
   在 psms.StatInOutTableForm.btnScrpStatPrint_Click(Object sender, EventArgs e) 位置 E:\spring\VSProject\psms\psms\StatInOutTableForm.cs:行号 497

2008-4-24 22:02:19
凭证数据统计打印，错误信息：System.Data.DeletedRowInaccessibleException: 不能通过已删除的行访问该行的信息。
   在 System.Data.DataRow.GetDefaultRecord()
   在 System.Data.DataRow.get_Item(String columnName)
   在 psms.StatInOutTableForm.btnScrpStatPrint_Click(Object sender, EventArgs e) 位置 E:\spring\VSProject\psms\psms\StatInOutTableForm.cs:行号 497

